<?xml version="1.0" encoding="UTF-8"?>
<testng-results ignored="0" total="1" passed="0" failed="1" skipped="0">
  <reporter-output>
  </reporter-output>
  <suite started-at="2023-02-05T08:03:14 IST" name="Default suite" finished-at="2023-02-05T08:04:28 IST" duration-ms="74784">
    <groups>
    </groups>
    <test started-at="2023-02-05T08:03:14 IST" name="Default test" finished-at="2023-02-05T08:04:28 IST" duration-ms="74784">
      <class name="com.satwa.tests.CreateCompany">
        <test-method is-config="true" signature="setUpExecution(java.lang.String)[pri:0, instance:com.satwa.tests.CreateCompany@5656be13]" started-at="2023-02-05T08:03:14 IST" name="setUpExecution" finished-at="2023-02-05T08:03:14 IST" duration-ms="75" status="PASS">
          <params>
            <param index="0">
              <value is-null="true"/>
            </param>
          </params>
          <reporter-output>
          </reporter-output>
        </test-method> <!-- setUpExecution -->
        <test-method is-config="true" signature="initializeReport(org.testng.ITestContext)[pri:0, instance:com.satwa.tests.CreateCompany@5656be13]" started-at="2023-02-05T08:03:14 IST" name="initializeReport" finished-at="2023-02-05T08:03:14 IST" duration-ms="284" status="PASS">
          <params>
            <param index="0">
              <value>
                <![CDATA[org.testng.TestRunner@28b523a]]>
              </value>
            </param>
          </params>
          <reporter-output>
          </reporter-output>
        </test-method> <!-- initializeReport -->
        <test-method is-config="true" signature="intializeTest(java.lang.String,java.lang.reflect.Method,org.testng.ITestContext)[pri:0, instance:com.satwa.tests.CreateCompany@5656be13]" started-at="2023-02-05T08:03:14 IST" name="intializeTest" finished-at="2023-02-05T08:03:18 IST" duration-ms="4501" status="PASS">
          <params>
            <param index="0">
              <value is-null="true"/>
            </param>
            <param index="1">
              <value>
                <![CDATA[public void com.satwa.tests.CreateCompany.CreateCompany01_createNewCompanyWithPublicStatus()]]>
              </value>
            </param>
            <param index="2">
              <value>
                <![CDATA[org.testng.TestRunner@28b523a]]>
              </value>
            </param>
          </params>
          <reporter-output>
          </reporter-output>
        </test-method> <!-- intializeTest -->
        <test-method is-config="true" signature="setUpPages()[pri:0, instance:com.satwa.tests.CreateCompany@5656be13]" started-at="2023-02-05T08:03:18 IST" name="setUpPages" finished-at="2023-02-05T08:03:19 IST" duration-ms="356" status="PASS">
          <reporter-output>
          </reporter-output>
        </test-method> <!-- setUpPages -->
        <test-method signature="CreateCompany01_createNewCompanyWithPublicStatus()[pri:0, instance:com.satwa.tests.CreateCompany@5656be13]" started-at="2023-02-05T08:03:19 IST" name="CreateCompany01_createNewCompanyWithPublicStatus" finished-at="2023-02-05T08:04:28 IST" duration-ms="69285" status="FAIL">
          <exception class="java.lang.AssertionError">
            <message>
              <![CDATA[Companies page is NOT displayed after clicking on Create Button in companuies menu.]]>
            </message>
            <full-stacktrace>
              <![CDATA[java.lang.AssertionError: Companies page is NOT displayed after clicking on Create Button in companuies menu.
at org.testng.Assert.fail(Assert.java:110)
at com.satwa.tests.CreateCompany.CreateCompany01_createNewCompanyWithPublicStatus(CreateCompany.java:40)
at java.base/jdk.internal.reflect.DirectMethodHandleAccessor.invoke(DirectMethodHandleAccessor.java:104)
at java.base/java.lang.reflect.Method.invoke(Method.java:577)
at org.testng.internal.invokers.MethodInvocationHelper.invokeMethod(MethodInvocationHelper.java:139)
at org.testng.internal.invokers.TestInvoker.invokeMethod(TestInvoker.java:677)
at org.testng.internal.invokers.TestInvoker.invokeTestMethod(TestInvoker.java:221)
at org.testng.internal.invokers.MethodRunner.runInSequence(MethodRunner.java:50)
at org.testng.internal.invokers.TestInvoker$MethodInvocationAgent.invoke(TestInvoker.java:962)
at org.testng.internal.invokers.TestInvoker.invokeTestMethods(TestInvoker.java:194)
at org.testng.internal.invokers.TestMethodWorker.invokeTestMethods(TestMethodWorker.java:148)
at org.testng.internal.invokers.TestMethodWorker.run(TestMethodWorker.java:128)
at java.base/java.util.ArrayList.forEach(ArrayList.java:1511)
at org.testng.TestRunner.privateRun(TestRunner.java:806)
at org.testng.TestRunner.run(TestRunner.java:601)
at org.testng.SuiteRunner.runTest(SuiteRunner.java:433)
at org.testng.SuiteRunner.runSequentially(SuiteRunner.java:427)
at org.testng.SuiteRunner.privateRun(SuiteRunner.java:387)
at org.testng.SuiteRunner.run(SuiteRunner.java:330)
at org.testng.SuiteRunnerWorker.runSuite(SuiteRunnerWorker.java:52)
at org.testng.SuiteRunnerWorker.run(SuiteRunnerWorker.java:95)
at org.testng.TestNG.runSuitesSequentially(TestNG.java:1256)
at org.testng.TestNG.runSuitesLocally(TestNG.java:1176)
at org.testng.TestNG.runSuites(TestNG.java:1099)
at org.testng.TestNG.run(TestNG.java:1067)
at org.testng.remote.AbstractRemoteTestNG.run(AbstractRemoteTestNG.java:115)
at org.testng.remote.RemoteTestNG.initAndRun(RemoteTestNG.java:251)
at org.testng.remote.RemoteTestNG.main(RemoteTestNG.java:77)
]]>
            </full-stacktrace>
          </exception> <!-- java.lang.AssertionError -->
          <reporter-output>
          </reporter-output>
        </test-method> <!-- CreateCompany01_createNewCompanyWithPublicStatus -->
        <test-method is-config="true" signature="afterMethod()[pri:0, instance:com.satwa.tests.CreateCompany@5656be13]" started-at="2023-02-05T08:04:28 IST" name="afterMethod" finished-at="2023-02-05T08:04:28 IST" duration-ms="121" status="PASS">
          <reporter-output>
          </reporter-output>
        </test-method> <!-- afterMethod -->
        <test-method is-config="true" signature="finalizeExecution()[pri:0, instance:com.satwa.tests.CreateCompany@5656be13]" started-at="2023-02-05T08:04:28 IST" name="finalizeExecution" finished-at="2023-02-05T08:04:28 IST" duration-ms="203" status="PASS">
          <reporter-output>
          </reporter-output>
        </test-method> <!-- finalizeExecution -->
      </class> <!-- com.satwa.tests.CreateCompany -->
    </test> <!-- Default test -->
  </suite> <!-- Default suite -->
</testng-results>
